{"C:\\Users\\USER\\OneDrive\\Desktop\\MERN\\week-6-Ass\\server\\src\\server.js": {"path":"C:\\Users\\USER\\OneDrive\\Desktop\\MERN\\week-6-Ass\\server\\src\\server.js","statementMap":{"0":{"start":{"line":1,"column":16},"end":{"line":1,"column":34}},"1":{"start":{"line":2,"column":13},"end":{"line":2,"column":28}},"2":{"start":{"line":3,"column":15},"end":{"line":3,"column":32}},"3":{"start":{"line":4,"column":15},"end":{"line":4,"column":32}},"4":{"start":{"line":5,"column":0},"end":{"line":5,"column":27}},"5":{"start":{"line":7,"column":18},"end":{"line":7,"column":46}},"6":{"start":{"line":8,"column":21},"end":{"line":8,"column":57}},"7":{"start":{"line":9,"column":19},"end":{"line":9,"column":43}},"8":{"start":{"line":10,"column":19},"end":{"line":10,"column":44}},"9":{"start":{"line":11,"column":19},"end":{"line":11,"column":44}},"10":{"start":{"line":13,"column":12},"end":{"line":13,"column":21}},"11":{"start":{"line":16,"column":0},"end":{"line":16,"column":12}},"12":{"start":{"line":19,"column":0},"end":{"line":19,"column":18}},"13":{"start":{"line":20,"column":0},"end":{"line":20,"column":16}},"14":{"start":{"line":21,"column":0},"end":{"line":21,"column":28}},"15":{"start":{"line":22,"column":0},"end":{"line":22,"column":41}},"16":{"start":{"line":23,"column":0},"end":{"line":23,"column":48}},"17":{"start":{"line":26,"column":0},"end":{"line":26,"column":33}},"18":{"start":{"line":27,"column":0},"end":{"line":27,"column":34}},"19":{"start":{"line":28,"column":0},"end":{"line":28,"column":34}},"20":{"start":{"line":31,"column":0},"end":{"line":38,"column":3}},"21":{"start":{"line":32,"column":2},"end":{"line":37,"column":5}},"22":{"start":{"line":41,"column":0},"end":{"line":41,"column":22}},"23":{"start":{"line":44,"column":0},"end":{"line":49,"column":3}},"24":{"start":{"line":45,"column":2},"end":{"line":48,"column":5}},"25":{"start":{"line":51,"column":13},"end":{"line":51,"column":37}},"26":{"start":{"line":54,"column":0},"end":{"line":59,"column":1}},"27":{"start":{"line":55,"column":2},"end":{"line":58,"column":5}},"28":{"start":{"line":56,"column":4},"end":{"line":56,"column":53}},"29":{"start":{"line":57,"column":4},"end":{"line":57,"column":76}},"30":{"start":{"line":61,"column":0},"end":{"line":61,"column":21}}},"fnMap":{"0":{"name":"(anonymous_0)","decl":{"start":{"line":31,"column":23},"end":{"line":31,"column":24}},"loc":{"start":{"line":31,"column":37},"end":{"line":38,"column":1}},"line":31},"1":{"name":"(anonymous_1)","decl":{"start":{"line":44,"column":13},"end":{"line":44,"column":14}},"loc":{"start":{"line":44,"column":27},"end":{"line":49,"column":1}},"line":44},"2":{"name":"(anonymous_2)","decl":{"start":{"line":55,"column":19},"end":{"line":55,"column":20}},"loc":{"start":{"line":55,"column":25},"end":{"line":58,"column":3}},"line":55}},"branchMap":{"0":{"loc":{"start":{"line":36,"column":17},"end":{"line":36,"column":54}},"type":"binary-expr","locations":[{"start":{"line":36,"column":17},"end":{"line":36,"column":37}},{"start":{"line":36,"column":41},"end":{"line":36,"column":54}}],"line":36},"1":{"loc":{"start":{"line":51,"column":13},"end":{"line":51,"column":37}},"type":"binary-expr","locations":[{"start":{"line":51,"column":13},"end":{"line":51,"column":29}},{"start":{"line":51,"column":33},"end":{"line":51,"column":37}}],"line":51},"2":{"loc":{"start":{"line":54,"column":0},"end":{"line":59,"column":1}},"type":"if","locations":[{"start":{"line":54,"column":0},"end":{"line":59,"column":1}},{"start":{},"end":{}}],"line":54},"3":{"loc":{"start":{"line":57,"column":35},"end":{"line":57,"column":72}},"type":"binary-expr","locations":[{"start":{"line":57,"column":35},"end":{"line":57,"column":55}},{"start":{"line":57,"column":59},"end":{"line":57,"column":72}}],"line":57}},"s":{"0":0,"1":0,"2":0,"3":0,"4":0,"5":0,"6":0,"7":0,"8":0,"9":0,"10":0,"11":0,"12":0,"13":0,"14":0,"15":0,"16":0,"17":0,"18":0,"19":0,"20":0,"21":0,"22":0,"23":0,"24":0,"25":0,"26":0,"27":0,"28":0,"29":0,"30":0},"f":{"0":0,"1":0,"2":0},"b":{"0":[0,0],"1":[0,0],"2":[0,0],"3":[0,0]},"inputSourceMap":null}
,"C:\\Users\\USER\\OneDrive\\Desktop\\MERN\\week-6-Ass\\server\\src\\middleware\\auth.js": {"path":"C:\\Users\\USER\\OneDrive\\Desktop\\MERN\\week-6-Ass\\server\\src\\middleware\\auth.js","statementMap":{"0":{"start":{"line":1,"column":12},"end":{"line":1,"column":35}},"1":{"start":{"line":2,"column":13},"end":{"line":2,"column":38}},"2":{"start":{"line":5,"column":13},"end":{"line":34,"column":1}},"3":{"start":{"line":6,"column":2},"end":{"line":33,"column":3}},"4":{"start":{"line":7,"column":18},"end":{"line":7,"column":69}},"5":{"start":{"line":9,"column":4},"end":{"line":14,"column":5}},"6":{"start":{"line":10,"column":6},"end":{"line":13,"column":9}},"7":{"start":{"line":16,"column":20},"end":{"line":16,"column":61}},"8":{"start":{"line":17,"column":17},"end":{"line":17,"column":72}},"9":{"start":{"line":19,"column":4},"end":{"line":24,"column":5}},"10":{"start":{"line":20,"column":6},"end":{"line":23,"column":9}},"11":{"start":{"line":26,"column":4},"end":{"line":26,"column":20}},"12":{"start":{"line":27,"column":4},"end":{"line":27,"column":11}},"13":{"start":{"line":29,"column":4},"end":{"line":32,"column":7}},"14":{"start":{"line":36,"column":0},"end":{"line":36,"column":22}}},"fnMap":{"0":{"name":"(anonymous_0)","decl":{"start":{"line":5,"column":13},"end":{"line":5,"column":14}},"loc":{"start":{"line":5,"column":39},"end":{"line":34,"column":1}},"line":5}},"branchMap":{"0":{"loc":{"start":{"line":9,"column":4},"end":{"line":14,"column":5}},"type":"if","locations":[{"start":{"line":9,"column":4},"end":{"line":14,"column":5}},{"start":{},"end":{}}],"line":9},"1":{"loc":{"start":{"line":19,"column":4},"end":{"line":24,"column":5}},"type":"if","locations":[{"start":{"line":19,"column":4},"end":{"line":24,"column":5}},{"start":{},"end":{}}],"line":19}},"s":{"0":1,"1":1,"2":1,"3":8,"4":8,"5":8,"6":1,"7":7,"8":0,"9":0,"10":0,"11":0,"12":0,"13":7,"14":1},"f":{"0":8},"b":{"0":[1,7],"1":[0,0]},"inputSourceMap":null,"_coverageSchema":"1a1c01bbd47fc00a2c39e90264f33305004495a9","hash":"13de78e5c858a67dc2007b2cd8573a585a23a274"}
,"C:\\Users\\USER\\OneDrive\\Desktop\\MERN\\week-6-Ass\\server\\src\\middleware\\errorHandler.js": {"path":"C:\\Users\\USER\\OneDrive\\Desktop\\MERN\\week-6-Ass\\server\\src\\middleware\\errorHandler.js","statementMap":{"0":{"start":{"line":2,"column":21},"end":{"line":43,"column":1}},"1":{"start":{"line":3,"column":14},"end":{"line":3,"column":24}},"2":{"start":{"line":4,"column":2},"end":{"line":4,"column":30}},"3":{"start":{"line":7,"column":2},"end":{"line":7,"column":34}},"4":{"start":{"line":10,"column":2},"end":{"line":13,"column":3}},"5":{"start":{"line":11,"column":20},"end":{"line":11,"column":40}},"6":{"start":{"line":12,"column":4},"end":{"line":12,"column":41}},"7":{"start":{"line":16,"column":2},"end":{"line":19,"column":3}},"8":{"start":{"line":17,"column":20},"end":{"line":17,"column":51}},"9":{"start":{"line":18,"column":4},"end":{"line":18,"column":41}},"10":{"start":{"line":22,"column":2},"end":{"line":25,"column":3}},"11":{"start":{"line":23,"column":20},"end":{"line":23,"column":80}},"12":{"start":{"line":23,"column":57},"end":{"line":23,"column":68}},"13":{"start":{"line":24,"column":4},"end":{"line":24,"column":41}},"14":{"start":{"line":28,"column":2},"end":{"line":31,"column":3}},"15":{"start":{"line":29,"column":20},"end":{"line":29,"column":35}},"16":{"start":{"line":30,"column":4},"end":{"line":30,"column":41}},"17":{"start":{"line":33,"column":2},"end":{"line":36,"column":3}},"18":{"start":{"line":34,"column":20},"end":{"line":34,"column":35}},"19":{"start":{"line":35,"column":4},"end":{"line":35,"column":41}},"20":{"start":{"line":38,"column":2},"end":{"line":42,"column":5}},"21":{"start":{"line":45,"column":0},"end":{"line":45,"column":30}}},"fnMap":{"0":{"name":"(anonymous_0)","decl":{"start":{"line":2,"column":21},"end":{"line":2,"column":22}},"loc":{"start":{"line":2,"column":46},"end":{"line":43,"column":1}},"line":2},"1":{"name":"(anonymous_1)","decl":{"start":{"line":23,"column":50},"end":{"line":23,"column":51}},"loc":{"start":{"line":23,"column":57},"end":{"line":23,"column":68}},"line":23}},"branchMap":{"0":{"loc":{"start":{"line":10,"column":2},"end":{"line":13,"column":3}},"type":"if","locations":[{"start":{"line":10,"column":2},"end":{"line":13,"column":3}},{"start":{},"end":{}}],"line":10},"1":{"loc":{"start":{"line":16,"column":2},"end":{"line":19,"column":3}},"type":"if","locations":[{"start":{"line":16,"column":2},"end":{"line":19,"column":3}},{"start":{},"end":{}}],"line":16},"2":{"loc":{"start":{"line":22,"column":2},"end":{"line":25,"column":3}},"type":"if","locations":[{"start":{"line":22,"column":2},"end":{"line":25,"column":3}},{"start":{},"end":{}}],"line":22},"3":{"loc":{"start":{"line":28,"column":2},"end":{"line":31,"column":3}},"type":"if","locations":[{"start":{"line":28,"column":2},"end":{"line":31,"column":3}},{"start":{},"end":{}}],"line":28},"4":{"loc":{"start":{"line":33,"column":2},"end":{"line":36,"column":3}},"type":"if","locations":[{"start":{"line":33,"column":2},"end":{"line":36,"column":3}},{"start":{},"end":{}}],"line":33},"5":{"loc":{"start":{"line":38,"column":13},"end":{"line":38,"column":36}},"type":"binary-expr","locations":[{"start":{"line":38,"column":13},"end":{"line":38,"column":29}},{"start":{"line":38,"column":33},"end":{"line":38,"column":36}}],"line":38},"6":{"loc":{"start":{"line":40,"column":13},"end":{"line":40,"column":44}},"type":"binary-expr","locations":[{"start":{"line":40,"column":13},"end":{"line":40,"column":26}},{"start":{"line":40,"column":30},"end":{"line":40,"column":44}}],"line":40},"7":{"loc":{"start":{"line":41,"column":8},"end":{"line":41,"column":70}},"type":"binary-expr","locations":[{"start":{"line":41,"column":8},"end":{"line":41,"column":46}},{"start":{"line":41,"column":50},"end":{"line":41,"column":70}}],"line":41}},"s":{"0":1,"1":10,"2":10,"3":10,"4":10,"5":1,"6":1,"7":10,"8":1,"9":1,"10":10,"11":1,"12":2,"13":1,"14":10,"15":1,"16":1,"17":10,"18":1,"19":1,"20":10,"21":1},"f":{"0":10,"1":2},"b":{"0":[1,9],"1":[1,9],"2":[1,9],"3":[1,9],"4":[1,9],"5":[10,4],"6":[10,0],"7":[10,1]},"inputSourceMap":null,"_coverageSchema":"1a1c01bbd47fc00a2c39e90264f33305004495a9","hash":"6a026634d51714be96ecd5cee38ffd20d5f9579a"}
,"C:\\Users\\USER\\OneDrive\\Desktop\\MERN\\week-6-Ass\\server\\src\\models\\Post.js": {"path":"C:\\Users\\USER\\OneDrive\\Desktop\\MERN\\week-6-Ass\\server\\src\\models\\Post.js","statementMap":{"0":{"start":{"line":1,"column":17},"end":{"line":1,"column":36}},"1":{"start":{"line":3,"column":19},"end":{"line":57,"column":2}},"2":{"start":{"line":60,"column":0},"end":{"line":60,"column":47}},"3":{"start":{"line":61,"column":0},"end":{"line":61,"column":53}},"4":{"start":{"line":64,"column":0},"end":{"line":66,"column":3}},"5":{"start":{"line":65,"column":2},"end":{"line":65,"column":44}},"6":{"start":{"line":69,"column":0},"end":{"line":71,"column":3}},"7":{"start":{"line":70,"column":2},"end":{"line":70,"column":50}},"8":{"start":{"line":74,"column":0},"end":{"line":80,"column":3}},"9":{"start":{"line":77,"column":4},"end":{"line":77,"column":19}},"10":{"start":{"line":78,"column":4},"end":{"line":78,"column":15}},"11":{"start":{"line":82,"column":0},"end":{"line":82,"column":52}}},"fnMap":{"0":{"name":"(anonymous_0)","decl":{"start":{"line":64,"column":36},"end":{"line":64,"column":37}},"loc":{"start":{"line":64,"column":47},"end":{"line":66,"column":1}},"line":64},"1":{"name":"(anonymous_1)","decl":{"start":{"line":69,"column":39},"end":{"line":69,"column":40}},"loc":{"start":{"line":69,"column":50},"end":{"line":71,"column":1}},"line":69},"2":{"name":"(anonymous_2)","decl":{"start":{"line":76,"column":13},"end":{"line":76,"column":14}},"loc":{"start":{"line":76,"column":32},"end":{"line":79,"column":3}},"line":76}},"branchMap":{"0":{"loc":{"start":{"line":65,"column":9},"end":{"line":65,"column":43}},"type":"cond-expr","locations":[{"start":{"line":65,"column":22},"end":{"line":65,"column":39}},{"start":{"line":65,"column":42},"end":{"line":65,"column":43}}],"line":65},"1":{"loc":{"start":{"line":70,"column":9},"end":{"line":70,"column":49}},"type":"cond-expr","locations":[{"start":{"line":70,"column":25},"end":{"line":70,"column":45}},{"start":{"line":70,"column":48},"end":{"line":70,"column":49}}],"line":70}},"s":{"0":3,"1":3,"2":3,"3":3,"4":3,"5":3,"6":3,"7":3,"8":3,"9":1,"10":1,"11":3},"f":{"0":3,"1":3,"2":1},"b":{"0":[3,0],"1":[3,0]},"inputSourceMap":null,"_coverageSchema":"1a1c01bbd47fc00a2c39e90264f33305004495a9","hash":"d83e29e3634c01e2d54c1d3ebe5cdae0cd9ff507"}
,"C:\\Users\\USER\\OneDrive\\Desktop\\MERN\\week-6-Ass\\server\\src\\models\\User.js": {"path":"C:\\Users\\USER\\OneDrive\\Desktop\\MERN\\week-6-Ass\\server\\src\\models\\User.js","statementMap":{"0":{"start":{"line":1,"column":17},"end":{"line":1,"column":36}},"1":{"start":{"line":2,"column":15},"end":{"line":2,"column":34}},"2":{"start":{"line":4,"column":19},"end":{"line":47,"column":2}},"3":{"start":{"line":50,"column":0},"end":{"line":60,"column":3}},"4":{"start":{"line":51,"column":2},"end":{"line":51,"column":50}},"5":{"start":{"line":51,"column":36},"end":{"line":51,"column":50}},"6":{"start":{"line":53,"column":2},"end":{"line":59,"column":3}},"7":{"start":{"line":54,"column":17},"end":{"line":54,"column":41}},"8":{"start":{"line":55,"column":4},"end":{"line":55,"column":59}},"9":{"start":{"line":56,"column":4},"end":{"line":56,"column":11}},"10":{"start":{"line":58,"column":4},"end":{"line":58,"column":16}},"11":{"start":{"line":63,"column":0},"end":{"line":65,"column":2}},"12":{"start":{"line":64,"column":2},"end":{"line":64,"column":55}},"13":{"start":{"line":68,"column":0},"end":{"line":70,"column":3}},"14":{"start":{"line":69,"column":2},"end":{"line":69,"column":46}},"15":{"start":{"line":73,"column":0},"end":{"line":80,"column":3}},"16":{"start":{"line":76,"column":4},"end":{"line":76,"column":24}},"17":{"start":{"line":77,"column":4},"end":{"line":77,"column":19}},"18":{"start":{"line":78,"column":4},"end":{"line":78,"column":15}},"19":{"start":{"line":82,"column":0},"end":{"line":82,"column":52}}},"fnMap":{"0":{"name":"(anonymous_0)","decl":{"start":{"line":50,"column":23},"end":{"line":50,"column":24}},"loc":{"start":{"line":50,"column":44},"end":{"line":60,"column":1}},"line":50},"1":{"name":"(anonymous_1)","decl":{"start":{"line":63,"column":37},"end":{"line":63,"column":38}},"loc":{"start":{"line":63,"column":62},"end":{"line":65,"column":1}},"line":63},"2":{"name":"(anonymous_2)","decl":{"start":{"line":68,"column":35},"end":{"line":68,"column":36}},"loc":{"start":{"line":68,"column":46},"end":{"line":70,"column":1}},"line":68},"3":{"name":"(anonymous_3)","decl":{"start":{"line":75,"column":13},"end":{"line":75,"column":14}},"loc":{"start":{"line":75,"column":32},"end":{"line":79,"column":3}},"line":75}},"branchMap":{"0":{"loc":{"start":{"line":51,"column":2},"end":{"line":51,"column":50}},"type":"if","locations":[{"start":{"line":51,"column":2},"end":{"line":51,"column":50}},{"start":{},"end":{}}],"line":51}},"s":{"0":6,"1":6,"2":6,"3":6,"4":0,"5":0,"6":0,"7":0,"8":0,"9":0,"10":0,"11":6,"12":2,"13":6,"14":2,"15":6,"16":1,"17":1,"18":1,"19":6},"f":{"0":0,"1":2,"2":2,"3":1},"b":{"0":[0,0]},"inputSourceMap":null,"_coverageSchema":"1a1c01bbd47fc00a2c39e90264f33305004495a9","hash":"c2d57dd7ca19abf8c5b4dd8ea4a290ba25bea9c6"}
,"C:\\Users\\USER\\OneDrive\\Desktop\\MERN\\week-6-Ass\\server\\src\\routes\\auth.js": {"path":"C:\\Users\\USER\\OneDrive\\Desktop\\MERN\\week-6-Ass\\server\\src\\routes\\auth.js","statementMap":{"0":{"start":{"line":1,"column":16},"end":{"line":1,"column":34}},"1":{"start":{"line":2,"column":12},"end":{"line":2,"column":35}},"2":{"start":{"line":3,"column":35},"end":{"line":3,"column":63}},"3":{"start":{"line":4,"column":13},"end":{"line":4,"column":38}},"4":{"start":{"line":5,"column":13},"end":{"line":5,"column":42}},"5":{"start":{"line":7,"column":15},"end":{"line":7,"column":31}},"6":{"start":{"line":10,"column":22},"end":{"line":12,"column":1}},"7":{"start":{"line":11,"column":2},"end":{"line":11,"column":75}},"8":{"start":{"line":17,"column":0},"end":{"line":84,"column":3}},"9":{"start":{"line":24,"column":2},"end":{"line":83,"column":3}},"10":{"start":{"line":26,"column":19},"end":{"line":26,"column":40}},"11":{"start":{"line":27,"column":4},"end":{"line":33,"column":5}},"12":{"start":{"line":28,"column":6},"end":{"line":32,"column":9}},"13":{"start":{"line":35,"column":63},"end":{"line":35,"column":71}},"14":{"start":{"line":38,"column":25},"end":{"line":40,"column":6}},"15":{"start":{"line":42,"column":4},"end":{"line":47,"column":5}},"16":{"start":{"line":43,"column":6},"end":{"line":46,"column":9}},"17":{"start":{"line":50,"column":17},"end":{"line":56,"column":6}},"18":{"start":{"line":58,"column":4},"end":{"line":58,"column":22}},"19":{"start":{"line":61,"column":18},"end":{"line":61,"column":41}},"20":{"start":{"line":63,"column":4},"end":{"line":77,"column":7}},"21":{"start":{"line":79,"column":4},"end":{"line":82,"column":7}},"22":{"start":{"line":89,"column":0},"end":{"line":156,"column":3}},"23":{"start":{"line":93,"column":2},"end":{"line":155,"column":3}},"24":{"start":{"line":95,"column":19},"end":{"line":95,"column":40}},"25":{"start":{"line":96,"column":4},"end":{"line":102,"column":5}},"26":{"start":{"line":97,"column":6},"end":{"line":101,"column":9}},"27":{"start":{"line":104,"column":32},"end":{"line":104,"column":40}},"28":{"start":{"line":107,"column":17},"end":{"line":107,"column":46}},"29":{"start":{"line":108,"column":4},"end":{"line":113,"column":5}},"30":{"start":{"line":109,"column":6},"end":{"line":112,"column":9}},"31":{"start":{"line":116,"column":4},"end":{"line":121,"column":5}},"32":{"start":{"line":117,"column":6},"end":{"line":120,"column":9}},"33":{"start":{"line":124,"column":20},"end":{"line":124,"column":56}},"34":{"start":{"line":125,"column":4},"end":{"line":130,"column":5}},"35":{"start":{"line":126,"column":6},"end":{"line":129,"column":9}},"36":{"start":{"line":133,"column":18},"end":{"line":133,"column":41}},"37":{"start":{"line":135,"column":4},"end":{"line":149,"column":7}},"38":{"start":{"line":151,"column":4},"end":{"line":154,"column":7}},"39":{"start":{"line":161,"column":0},"end":{"line":184,"column":3}},"40":{"start":{"line":162,"column":2},"end":{"line":183,"column":3}},"41":{"start":{"line":163,"column":4},"end":{"line":177,"column":7}},"42":{"start":{"line":179,"column":4},"end":{"line":182,"column":7}},"43":{"start":{"line":186,"column":0},"end":{"line":186,"column":24}}},"fnMap":{"0":{"name":"(anonymous_0)","decl":{"start":{"line":10,"column":22},"end":{"line":10,"column":23}},"loc":{"start":{"line":10,"column":34},"end":{"line":12,"column":1}},"line":10},"1":{"name":"(anonymous_1)","decl":{"start":{"line":23,"column":3},"end":{"line":23,"column":4}},"loc":{"start":{"line":23,"column":23},"end":{"line":84,"column":1}},"line":23},"2":{"name":"(anonymous_2)","decl":{"start":{"line":92,"column":3},"end":{"line":92,"column":4}},"loc":{"start":{"line":92,"column":23},"end":{"line":156,"column":1}},"line":92},"3":{"name":"(anonymous_3)","decl":{"start":{"line":161,"column":24},"end":{"line":161,"column":25}},"loc":{"start":{"line":161,"column":44},"end":{"line":184,"column":1}},"line":161}},"branchMap":{"0":{"loc":{"start":{"line":27,"column":4},"end":{"line":33,"column":5}},"type":"if","locations":[{"start":{"line":27,"column":4},"end":{"line":33,"column":5}},{"start":{},"end":{}}],"line":27},"1":{"loc":{"start":{"line":42,"column":4},"end":{"line":47,"column":5}},"type":"if","locations":[{"start":{"line":42,"column":4},"end":{"line":47,"column":5}},{"start":{},"end":{}}],"line":42},"2":{"loc":{"start":{"line":96,"column":4},"end":{"line":102,"column":5}},"type":"if","locations":[{"start":{"line":96,"column":4},"end":{"line":102,"column":5}},{"start":{},"end":{}}],"line":96},"3":{"loc":{"start":{"line":108,"column":4},"end":{"line":113,"column":5}},"type":"if","locations":[{"start":{"line":108,"column":4},"end":{"line":113,"column":5}},{"start":{},"end":{}}],"line":108},"4":{"loc":{"start":{"line":116,"column":4},"end":{"line":121,"column":5}},"type":"if","locations":[{"start":{"line":116,"column":4},"end":{"line":121,"column":5}},{"start":{},"end":{}}],"line":116},"5":{"loc":{"start":{"line":125,"column":4},"end":{"line":130,"column":5}},"type":"if","locations":[{"start":{"line":125,"column":4},"end":{"line":130,"column":5}},{"start":{},"end":{}}],"line":125}},"s":{"0":1,"1":1,"2":1,"3":1,"4":1,"5":1,"6":1,"7":2,"8":1,"9":2,"10":2,"11":2,"12":0,"13":2,"14":2,"15":2,"16":0,"17":2,"18":2,"19":2,"20":2,"21":0,"22":1,"23":4,"24":4,"25":4,"26":0,"27":4,"28":4,"29":4,"30":4,"31":0,"32":0,"33":0,"34":0,"35":0,"36":0,"37":0,"38":0,"39":1,"40":1,"41":1,"42":0,"43":1},"f":{"0":2,"1":2,"2":4,"3":1},"b":{"0":[0,2],"1":[0,2],"2":[0,4],"3":[4,0],"4":[0,0],"5":[0,0]},"inputSourceMap":null,"_coverageSchema":"1a1c01bbd47fc00a2c39e90264f33305004495a9","hash":"d464856eebdb591988305f73ca855543ad30a685"}
,"C:\\Users\\USER\\OneDrive\\Desktop\\MERN\\week-6-Ass\\server\\src\\routes\\posts.js": {"path":"C:\\Users\\USER\\OneDrive\\Desktop\\MERN\\week-6-Ass\\server\\src\\routes\\posts.js","statementMap":{"0":{"start":{"line":1,"column":16},"end":{"line":1,"column":34}},"1":{"start":{"line":2,"column":35},"end":{"line":2,"column":63}},"2":{"start":{"line":3,"column":13},"end":{"line":3,"column":38}},"3":{"start":{"line":4,"column":13},"end":{"line":4,"column":42}},"4":{"start":{"line":6,"column":15},"end":{"line":6,"column":31}},"5":{"start":{"line":11,"column":0},"end":{"line":51,"column":3}},"6":{"start":{"line":17,"column":2},"end":{"line":50,"column":3}},"7":{"start":{"line":19,"column":19},"end":{"line":19,"column":40}},"8":{"start":{"line":20,"column":4},"end":{"line":26,"column":5}},"9":{"start":{"line":21,"column":6},"end":{"line":25,"column":9}},"10":{"start":{"line":28,"column":37},"end":{"line":28,"column":45}},"11":{"start":{"line":30,"column":17},"end":{"line":35,"column":6}},"12":{"start":{"line":37,"column":4},"end":{"line":37,"column":22}},"13":{"start":{"line":38,"column":4},"end":{"line":38,"column":65}},"14":{"start":{"line":40,"column":4},"end":{"line":44,"column":7}},"15":{"start":{"line":46,"column":4},"end":{"line":49,"column":7}},"16":{"start":{"line":56,"column":0},"end":{"line":97,"column":3}},"17":{"start":{"line":57,"column":2},"end":{"line":96,"column":3}},"18":{"start":{"line":58,"column":17},"end":{"line":58,"column":46}},"19":{"start":{"line":59,"column":18},"end":{"line":59,"column":49}},"20":{"start":{"line":60,"column":17},"end":{"line":60,"column":35}},"21":{"start":{"line":61,"column":19},"end":{"line":61,"column":35}},"22":{"start":{"line":63,"column":16},"end":{"line":63,"column":37}},"23":{"start":{"line":66,"column":4},"end":{"line":68,"column":5}},"24":{"start":{"line":67,"column":6},"end":{"line":67,"column":40}},"25":{"start":{"line":70,"column":18},"end":{"line":75,"column":30}},"26":{"start":{"line":77,"column":18},"end":{"line":77,"column":50}},"27":{"start":{"line":79,"column":4},"end":{"line":90,"column":7}},"28":{"start":{"line":92,"column":4},"end":{"line":95,"column":7}},"29":{"start":{"line":102,"column":0},"end":{"line":125,"column":3}},"30":{"start":{"line":103,"column":2},"end":{"line":124,"column":3}},"31":{"start":{"line":104,"column":17},"end":{"line":106,"column":63}},"32":{"start":{"line":108,"column":4},"end":{"line":113,"column":5}},"33":{"start":{"line":109,"column":6},"end":{"line":112,"column":9}},"34":{"start":{"line":115,"column":4},"end":{"line":118,"column":7}},"35":{"start":{"line":120,"column":4},"end":{"line":123,"column":7}},"36":{"start":{"line":130,"column":0},"end":{"line":186,"column":3}},"37":{"start":{"line":135,"column":2},"end":{"line":185,"column":3}},"38":{"start":{"line":136,"column":19},"end":{"line":136,"column":40}},"39":{"start":{"line":137,"column":4},"end":{"line":143,"column":5}},"40":{"start":{"line":138,"column":6},"end":{"line":142,"column":9}},"41":{"start":{"line":145,"column":17},"end":{"line":145,"column":51}},"42":{"start":{"line":147,"column":4},"end":{"line":152,"column":5}},"43":{"start":{"line":148,"column":6},"end":{"line":151,"column":9}},"44":{"start":{"line":155,"column":4},"end":{"line":160,"column":5}},"45":{"start":{"line":156,"column":6},"end":{"line":159,"column":9}},"46":{"start":{"line":162,"column":37},"end":{"line":162,"column":45}},"47":{"start":{"line":163,"column":23},"end":{"line":163,"column":25}},"48":{"start":{"line":165,"column":4},"end":{"line":165,"column":40}},"49":{"start":{"line":165,"column":15},"end":{"line":165,"column":40}},"50":{"start":{"line":166,"column":4},"end":{"line":166,"column":46}},"51":{"start":{"line":166,"column":17},"end":{"line":166,"column":46}},"52":{"start":{"line":167,"column":4},"end":{"line":167,"column":37}},"53":{"start":{"line":167,"column":14},"end":{"line":167,"column":37}},"54":{"start":{"line":169,"column":24},"end":{"line":173,"column":62}},"55":{"start":{"line":175,"column":4},"end":{"line":179,"column":7}},"56":{"start":{"line":181,"column":4},"end":{"line":184,"column":7}},"57":{"start":{"line":191,"column":0},"end":{"line":222,"column":3}},"58":{"start":{"line":192,"column":2},"end":{"line":221,"column":3}},"59":{"start":{"line":193,"column":17},"end":{"line":193,"column":51}},"60":{"start":{"line":195,"column":4},"end":{"line":200,"column":5}},"61":{"start":{"line":196,"column":6},"end":{"line":199,"column":9}},"62":{"start":{"line":203,"column":4},"end":{"line":208,"column":5}},"63":{"start":{"line":204,"column":6},"end":{"line":207,"column":9}},"64":{"start":{"line":210,"column":4},"end":{"line":210,"column":48}},"65":{"start":{"line":212,"column":4},"end":{"line":215,"column":7}},"66":{"start":{"line":217,"column":4},"end":{"line":220,"column":7}},"67":{"start":{"line":227,"column":0},"end":{"line":272,"column":3}},"68":{"start":{"line":228,"column":2},"end":{"line":271,"column":3}},"69":{"start":{"line":229,"column":17},"end":{"line":229,"column":51}},"70":{"start":{"line":231,"column":4},"end":{"line":236,"column":5}},"71":{"start":{"line":232,"column":6},"end":{"line":235,"column":9}},"72":{"start":{"line":239,"column":25},"end":{"line":241,"column":5}},"73":{"start":{"line":240,"column":6},"end":{"line":240,"column":54}},"74":{"start":{"line":243,"column":4},"end":{"line":265,"column":5}},"75":{"start":{"line":245,"column":6},"end":{"line":247,"column":8}},"76":{"start":{"line":246,"column":8},"end":{"line":246,"column":56}},"77":{"start":{"line":248,"column":6},"end":{"line":248,"column":24}},"78":{"start":{"line":250,"column":6},"end":{"line":254,"column":9}},"79":{"start":{"line":257,"column":6},"end":{"line":257,"column":46}},"80":{"start":{"line":258,"column":6},"end":{"line":258,"column":24}},"81":{"start":{"line":260,"column":6},"end":{"line":264,"column":9}},"82":{"start":{"line":267,"column":4},"end":{"line":270,"column":7}},"83":{"start":{"line":277,"column":0},"end":{"line":324,"column":3}},"84":{"start":{"line":281,"column":2},"end":{"line":323,"column":3}},"85":{"start":{"line":282,"column":19},"end":{"line":282,"column":40}},"86":{"start":{"line":283,"column":4},"end":{"line":289,"column":5}},"87":{"start":{"line":284,"column":6},"end":{"line":288,"column":9}},"88":{"start":{"line":291,"column":17},"end":{"line":291,"column":51}},"89":{"start":{"line":293,"column":4},"end":{"line":298,"column":5}},"90":{"start":{"line":294,"column":6},"end":{"line":297,"column":9}},"91":{"start":{"line":300,"column":23},"end":{"line":303,"column":5}},"92":{"start":{"line":305,"column":4},"end":{"line":305,"column":35}},"93":{"start":{"line":306,"column":4},"end":{"line":306,"column":22}},"94":{"start":{"line":309,"column":4},"end":{"line":309,"column":72}},"95":{"start":{"line":311,"column":25},"end":{"line":311,"column":64}},"96":{"start":{"line":313,"column":4},"end":{"line":317,"column":7}},"97":{"start":{"line":319,"column":4},"end":{"line":322,"column":7}},"98":{"start":{"line":326,"column":0},"end":{"line":326,"column":24}}},"fnMap":{"0":{"name":"(anonymous_0)","decl":{"start":{"line":16,"column":3},"end":{"line":16,"column":4}},"loc":{"start":{"line":16,"column":23},"end":{"line":51,"column":1}},"line":16},"1":{"name":"(anonymous_1)","decl":{"start":{"line":56,"column":16},"end":{"line":56,"column":17}},"loc":{"start":{"line":56,"column":36},"end":{"line":97,"column":1}},"line":56},"2":{"name":"(anonymous_2)","decl":{"start":{"line":102,"column":19},"end":{"line":102,"column":20}},"loc":{"start":{"line":102,"column":39},"end":{"line":125,"column":1}},"line":102},"3":{"name":"(anonymous_3)","decl":{"start":{"line":134,"column":3},"end":{"line":134,"column":4}},"loc":{"start":{"line":134,"column":23},"end":{"line":186,"column":1}},"line":134},"4":{"name":"(anonymous_4)","decl":{"start":{"line":191,"column":28},"end":{"line":191,"column":29}},"loc":{"start":{"line":191,"column":48},"end":{"line":222,"column":1}},"line":191},"5":{"name":"(anonymous_5)","decl":{"start":{"line":227,"column":31},"end":{"line":227,"column":32}},"loc":{"start":{"line":227,"column":51},"end":{"line":272,"column":1}},"line":227},"6":{"name":"(anonymous_6)","decl":{"start":{"line":239,"column":41},"end":{"line":239,"column":42}},"loc":{"start":{"line":240,"column":6},"end":{"line":240,"column":54}},"line":240},"7":{"name":"(anonymous_7)","decl":{"start":{"line":245,"column":37},"end":{"line":245,"column":38}},"loc":{"start":{"line":246,"column":8},"end":{"line":246,"column":56}},"line":246},"8":{"name":"(anonymous_8)","decl":{"start":{"line":280,"column":3},"end":{"line":280,"column":4}},"loc":{"start":{"line":280,"column":23},"end":{"line":324,"column":1}},"line":280}},"branchMap":{"0":{"loc":{"start":{"line":20,"column":4},"end":{"line":26,"column":5}},"type":"if","locations":[{"start":{"line":20,"column":4},"end":{"line":26,"column":5}},{"start":{},"end":{}}],"line":20},"1":{"loc":{"start":{"line":34,"column":12},"end":{"line":34,"column":22}},"type":"binary-expr","locations":[{"start":{"line":34,"column":12},"end":{"line":34,"column":16}},{"start":{"line":34,"column":20},"end":{"line":34,"column":22}}],"line":34},"2":{"loc":{"start":{"line":58,"column":17},"end":{"line":58,"column":46}},"type":"binary-expr","locations":[{"start":{"line":58,"column":17},"end":{"line":58,"column":41}},{"start":{"line":58,"column":45},"end":{"line":58,"column":46}}],"line":58},"3":{"loc":{"start":{"line":59,"column":18},"end":{"line":59,"column":49}},"type":"binary-expr","locations":[{"start":{"line":59,"column":18},"end":{"line":59,"column":43}},{"start":{"line":59,"column":47},"end":{"line":59,"column":49}}],"line":59},"4":{"loc":{"start":{"line":66,"column":4},"end":{"line":68,"column":5}},"type":"if","locations":[{"start":{"line":66,"column":4},"end":{"line":68,"column":5}},{"start":{},"end":{}}],"line":66},"5":{"loc":{"start":{"line":108,"column":4},"end":{"line":113,"column":5}},"type":"if","locations":[{"start":{"line":108,"column":4},"end":{"line":113,"column":5}},{"start":{},"end":{}}],"line":108},"6":{"loc":{"start":{"line":137,"column":4},"end":{"line":143,"column":5}},"type":"if","locations":[{"start":{"line":137,"column":4},"end":{"line":143,"column":5}},{"start":{},"end":{}}],"line":137},"7":{"loc":{"start":{"line":147,"column":4},"end":{"line":152,"column":5}},"type":"if","locations":[{"start":{"line":147,"column":4},"end":{"line":152,"column":5}},{"start":{},"end":{}}],"line":147},"8":{"loc":{"start":{"line":155,"column":4},"end":{"line":160,"column":5}},"type":"if","locations":[{"start":{"line":155,"column":4},"end":{"line":160,"column":5}},{"start":{},"end":{}}],"line":155},"9":{"loc":{"start":{"line":165,"column":4},"end":{"line":165,"column":40}},"type":"if","locations":[{"start":{"line":165,"column":4},"end":{"line":165,"column":40}},{"start":{},"end":{}}],"line":165},"10":{"loc":{"start":{"line":166,"column":4},"end":{"line":166,"column":46}},"type":"if","locations":[{"start":{"line":166,"column":4},"end":{"line":166,"column":46}},{"start":{},"end":{}}],"line":166},"11":{"loc":{"start":{"line":167,"column":4},"end":{"line":167,"column":37}},"type":"if","locations":[{"start":{"line":167,"column":4},"end":{"line":167,"column":37}},{"start":{},"end":{}}],"line":167},"12":{"loc":{"start":{"line":195,"column":4},"end":{"line":200,"column":5}},"type":"if","locations":[{"start":{"line":195,"column":4},"end":{"line":200,"column":5}},{"start":{},"end":{}}],"line":195},"13":{"loc":{"start":{"line":203,"column":4},"end":{"line":208,"column":5}},"type":"if","locations":[{"start":{"line":203,"column":4},"end":{"line":208,"column":5}},{"start":{},"end":{}}],"line":203},"14":{"loc":{"start":{"line":231,"column":4},"end":{"line":236,"column":5}},"type":"if","locations":[{"start":{"line":231,"column":4},"end":{"line":236,"column":5}},{"start":{},"end":{}}],"line":231},"15":{"loc":{"start":{"line":243,"column":4},"end":{"line":265,"column":5}},"type":"if","locations":[{"start":{"line":243,"column":4},"end":{"line":265,"column":5}},{"start":{"line":255,"column":11},"end":{"line":265,"column":5}}],"line":243},"16":{"loc":{"start":{"line":283,"column":4},"end":{"line":289,"column":5}},"type":"if","locations":[{"start":{"line":283,"column":4},"end":{"line":289,"column":5}},{"start":{},"end":{}}],"line":283},"17":{"loc":{"start":{"line":293,"column":4},"end":{"line":298,"column":5}},"type":"if","locations":[{"start":{"line":293,"column":4},"end":{"line":298,"column":5}},{"start":{},"end":{}}],"line":293}},"s":{"0":1,"1":1,"2":1,"3":1,"4":1,"5":1,"6":1,"7":1,"8":1,"9":0,"10":1,"11":1,"12":1,"13":1,"14":1,"15":0,"16":1,"17":2,"18":2,"19":2,"20":2,"21":2,"22":2,"23":2,"24":0,"25":2,"26":0,"27":0,"28":2,"29":1,"30":2,"31":2,"32":0,"33":0,"34":0,"35":2,"36":1,"37":2,"38":2,"39":2,"40":0,"41":2,"42":2,"43":2,"44":0,"45":0,"46":0,"47":0,"48":0,"49":0,"50":0,"51":0,"52":0,"53":0,"54":0,"55":0,"56":0,"57":1,"58":2,"59":2,"60":2,"61":2,"62":0,"63":0,"64":0,"65":0,"66":0,"67":1,"68":2,"69":2,"70":2,"71":2,"72":0,"73":0,"74":0,"75":0,"76":0,"77":0,"78":0,"79":0,"80":0,"81":0,"82":0,"83":1,"84":2,"85":2,"86":2,"87":0,"88":2,"89":2,"90":2,"91":0,"92":0,"93":0,"94":0,"95":0,"96":0,"97":0,"98":1},"f":{"0":1,"1":2,"2":2,"3":2,"4":2,"5":2,"6":0,"7":0,"8":2},"b":{"0":[0,1],"1":[1,1],"2":[2,1],"3":[2,1],"4":[0,2],"5":[0,0],"6":[0,2],"7":[2,0],"8":[0,0],"9":[0,0],"10":[0,0],"11":[0,0],"12":[2,0],"13":[0,0],"14":[2,0],"15":[0,0],"16":[0,2],"17":[2,0]},"inputSourceMap":null,"_coverageSchema":"1a1c01bbd47fc00a2c39e90264f33305004495a9","hash":"1cbd03ab22a2d14aa4a7465042141f78ec6df40e"}
,"C:\\Users\\USER\\OneDrive\\Desktop\\MERN\\week-6-Ass\\server\\src\\routes\\users.js": {"path":"C:\\Users\\USER\\OneDrive\\Desktop\\MERN\\week-6-Ass\\server\\src\\routes\\users.js","statementMap":{"0":{"start":{"line":1,"column":16},"end":{"line":1,"column":34}},"1":{"start":{"line":2,"column":35},"end":{"line":2,"column":63}},"2":{"start":{"line":3,"column":13},"end":{"line":3,"column":38}},"3":{"start":{"line":4,"column":13},"end":{"line":4,"column":42}},"4":{"start":{"line":6,"column":15},"end":{"line":6,"column":31}},"5":{"start":{"line":11,"column":0},"end":{"line":25,"column":3}},"6":{"start":{"line":12,"column":2},"end":{"line":24,"column":3}},"7":{"start":{"line":13,"column":17},"end":{"line":13,"column":50}},"8":{"start":{"line":15,"column":4},"end":{"line":18,"column":7}},"9":{"start":{"line":20,"column":4},"end":{"line":23,"column":7}},"10":{"start":{"line":30,"column":0},"end":{"line":91,"column":3}},"11":{"start":{"line":36,"column":2},"end":{"line":90,"column":3}},"12":{"start":{"line":38,"column":19},"end":{"line":38,"column":40}},"13":{"start":{"line":39,"column":4},"end":{"line":45,"column":5}},"14":{"start":{"line":40,"column":6},"end":{"line":44,"column":9}},"15":{"start":{"line":47,"column":54},"end":{"line":47,"column":62}},"16":{"start":{"line":48,"column":23},"end":{"line":48,"column":25}},"17":{"start":{"line":51,"column":4},"end":{"line":51,"column":52}},"18":{"start":{"line":51,"column":19},"end":{"line":51,"column":52}},"19":{"start":{"line":52,"column":4},"end":{"line":52,"column":49}},"20":{"start":{"line":52,"column":18},"end":{"line":52,"column":49}},"21":{"start":{"line":53,"column":4},"end":{"line":53,"column":49}},"22":{"start":{"line":53,"column":18},"end":{"line":53,"column":49}},"23":{"start":{"line":54,"column":4},"end":{"line":54,"column":43}},"24":{"start":{"line":54,"column":16},"end":{"line":54,"column":43}},"25":{"start":{"line":57,"column":4},"end":{"line":65,"column":5}},"26":{"start":{"line":58,"column":27},"end":{"line":58,"column":59}},"27":{"start":{"line":59,"column":6},"end":{"line":64,"column":7}},"28":{"start":{"line":60,"column":8},"end":{"line":63,"column":11}},"29":{"start":{"line":67,"column":17},"end":{"line":71,"column":5}},"30":{"start":{"line":73,"column":4},"end":{"line":77,"column":7}},"31":{"start":{"line":79,"column":4},"end":{"line":84,"column":5}},"32":{"start":{"line":80,"column":6},"end":{"line":83,"column":9}},"33":{"start":{"line":86,"column":4},"end":{"line":89,"column":7}},"34":{"start":{"line":96,"column":0},"end":{"line":128,"column":3}},"35":{"start":{"line":97,"column":2},"end":{"line":127,"column":3}},"36":{"start":{"line":98,"column":17},"end":{"line":98,"column":46}},"37":{"start":{"line":99,"column":18},"end":{"line":99,"column":49}},"38":{"start":{"line":100,"column":17},"end":{"line":100,"column":35}},"39":{"start":{"line":102,"column":18},"end":{"line":106,"column":30}},"40":{"start":{"line":108,"column":18},"end":{"line":108,"column":63}},"41":{"start":{"line":110,"column":4},"end":{"line":121,"column":7}},"42":{"start":{"line":123,"column":4},"end":{"line":126,"column":7}},"43":{"start":{"line":133,"column":0},"end":{"line":147,"column":3}},"44":{"start":{"line":134,"column":2},"end":{"line":146,"column":3}},"45":{"start":{"line":135,"column":4},"end":{"line":135,"column":68}},"46":{"start":{"line":137,"column":4},"end":{"line":140,"column":7}},"47":{"start":{"line":142,"column":4},"end":{"line":145,"column":7}},"48":{"start":{"line":149,"column":0},"end":{"line":149,"column":24}}},"fnMap":{"0":{"name":"(anonymous_0)","decl":{"start":{"line":11,"column":29},"end":{"line":11,"column":30}},"loc":{"start":{"line":11,"column":49},"end":{"line":25,"column":1}},"line":11},"1":{"name":"(anonymous_1)","decl":{"start":{"line":35,"column":3},"end":{"line":35,"column":4}},"loc":{"start":{"line":35,"column":23},"end":{"line":91,"column":1}},"line":35},"2":{"name":"(anonymous_2)","decl":{"start":{"line":96,"column":22},"end":{"line":96,"column":23}},"loc":{"start":{"line":96,"column":42},"end":{"line":128,"column":1}},"line":96},"3":{"name":"(anonymous_3)","decl":{"start":{"line":133,"column":32},"end":{"line":133,"column":33}},"loc":{"start":{"line":133,"column":52},"end":{"line":147,"column":1}},"line":133}},"branchMap":{"0":{"loc":{"start":{"line":39,"column":4},"end":{"line":45,"column":5}},"type":"if","locations":[{"start":{"line":39,"column":4},"end":{"line":45,"column":5}},{"start":{},"end":{}}],"line":39},"1":{"loc":{"start":{"line":51,"column":4},"end":{"line":51,"column":52}},"type":"if","locations":[{"start":{"line":51,"column":4},"end":{"line":51,"column":52}},{"start":{},"end":{}}],"line":51},"2":{"loc":{"start":{"line":52,"column":4},"end":{"line":52,"column":49}},"type":"if","locations":[{"start":{"line":52,"column":4},"end":{"line":52,"column":49}},{"start":{},"end":{}}],"line":52},"3":{"loc":{"start":{"line":53,"column":4},"end":{"line":53,"column":49}},"type":"if","locations":[{"start":{"line":53,"column":4},"end":{"line":53,"column":49}},{"start":{},"end":{}}],"line":53},"4":{"loc":{"start":{"line":54,"column":4},"end":{"line":54,"column":43}},"type":"if","locations":[{"start":{"line":54,"column":4},"end":{"line":54,"column":43}},{"start":{},"end":{}}],"line":54},"5":{"loc":{"start":{"line":57,"column":4},"end":{"line":65,"column":5}},"type":"if","locations":[{"start":{"line":57,"column":4},"end":{"line":65,"column":5}},{"start":{},"end":{}}],"line":57},"6":{"loc":{"start":{"line":57,"column":8},"end":{"line":57,"column":50}},"type":"binary-expr","locations":[{"start":{"line":57,"column":8},"end":{"line":57,"column":16}},{"start":{"line":57,"column":20},"end":{"line":57,"column":50}}],"line":57},"7":{"loc":{"start":{"line":59,"column":6},"end":{"line":64,"column":7}},"type":"if","locations":[{"start":{"line":59,"column":6},"end":{"line":64,"column":7}},{"start":{},"end":{}}],"line":59},"8":{"loc":{"start":{"line":79,"column":4},"end":{"line":84,"column":5}},"type":"if","locations":[{"start":{"line":79,"column":4},"end":{"line":84,"column":5}},{"start":{},"end":{}}],"line":79},"9":{"loc":{"start":{"line":98,"column":17},"end":{"line":98,"column":46}},"type":"binary-expr","locations":[{"start":{"line":98,"column":17},"end":{"line":98,"column":41}},{"start":{"line":98,"column":45},"end":{"line":98,"column":46}}],"line":98},"10":{"loc":{"start":{"line":99,"column":18},"end":{"line":99,"column":49}},"type":"binary-expr","locations":[{"start":{"line":99,"column":18},"end":{"line":99,"column":43}},{"start":{"line":99,"column":47},"end":{"line":99,"column":49}}],"line":99}},"s":{"0":1,"1":1,"2":1,"3":1,"4":1,"5":1,"6":0,"7":0,"8":0,"9":0,"10":1,"11":0,"12":0,"13":0,"14":0,"15":0,"16":0,"17":0,"18":0,"19":0,"20":0,"21":0,"22":0,"23":0,"24":0,"25":0,"26":0,"27":0,"28":0,"29":0,"30":0,"31":0,"32":0,"33":0,"34":1,"35":3,"36":3,"37":3,"38":3,"39":3,"40":0,"41":0,"42":3,"43":1,"44":0,"45":0,"46":0,"47":0,"48":1},"f":{"0":0,"1":0,"2":3,"3":0},"b":{"0":[0,0],"1":[0,0],"2":[0,0],"3":[0,0],"4":[0,0],"5":[0,0],"6":[0,0],"7":[0,0],"8":[0,0],"9":[3,2],"10":[3,2]},"inputSourceMap":null,"_coverageSchema":"1a1c01bbd47fc00a2c39e90264f33305004495a9","hash":"9b62ac73b5e587ea003e08f640c33c411b20e535"}
,"C:\\Users\\USER\\OneDrive\\Desktop\\MERN\\week-6-Ass\\server\\src\\utils\\helpers.js": {"path":"C:\\Users\\USER\\OneDrive\\Desktop\\MERN\\week-6-Ass\\server\\src\\utils\\helpers.js","statementMap":{"0":{"start":{"line":2,"column":16},"end":{"line":114,"column":1}},"1":{"start":{"line":5,"column":4},"end":{"line":5,"column":27}},"2":{"start":{"line":5,"column":15},"end":{"line":5,"column":27}},"3":{"start":{"line":7,"column":4},"end":{"line":17,"column":6}},"4":{"start":{"line":22,"column":4},"end":{"line":22,"column":27}},"5":{"start":{"line":22,"column":15},"end":{"line":22,"column":27}},"6":{"start":{"line":24,"column":4},"end":{"line":35,"column":6}},"7":{"start":{"line":40,"column":23},"end":{"line":40,"column":41}},"8":{"start":{"line":41,"column":21},"end":{"line":41,"column":33}},"9":{"start":{"line":43,"column":4},"end":{"line":53,"column":6}},"10":{"start":{"line":58,"column":18},"end":{"line":58,"column":82}},"11":{"start":{"line":59,"column":17},"end":{"line":59,"column":19}},"12":{"start":{"line":60,"column":4},"end":{"line":62,"column":5}},"13":{"start":{"line":60,"column":17},"end":{"line":60,"column":18}},"14":{"start":{"line":61,"column":6},"end":{"line":61,"column":71}},"15":{"start":{"line":63,"column":4},"end":{"line":63,"column":18}},"16":{"start":{"line":68,"column":4},"end":{"line":68,"column":24}},"17":{"start":{"line":68,"column":15},"end":{"line":68,"column":24}},"18":{"start":{"line":70,"column":27},"end":{"line":70,"column":30}},"19":{"start":{"line":71,"column":18},"end":{"line":71,"column":49}},"20":{"start":{"line":72,"column":24},"end":{"line":72,"column":57}},"21":{"start":{"line":74,"column":4},"end":{"line":74,"column":23}},"22":{"start":{"line":79,"column":4},"end":{"line":79,"column":24}},"23":{"start":{"line":79,"column":14},"end":{"line":79,"column":24}},"24":{"start":{"line":80,"column":4},"end":{"line":80,"column":68}},"25":{"start":{"line":85,"column":4},"end":{"line":85,"column":26}},"26":{"start":{"line":85,"column":16},"end":{"line":85,"column":26}},"27":{"start":{"line":87,"column":4},"end":{"line":91,"column":31}},"28":{"start":{"line":96,"column":4},"end":{"line":96,"column":25}},"29":{"start":{"line":96,"column":15},"end":{"line":96,"column":25}},"30":{"start":{"line":98,"column":14},"end":{"line":98,"column":28}},"31":{"start":{"line":99,"column":17},"end":{"line":99,"column":32}},"32":{"start":{"line":100,"column":18},"end":{"line":100,"column":59}},"33":{"start":{"line":101,"column":16},"end":{"line":101,"column":52}},"34":{"start":{"line":103,"column":4},"end":{"line":112,"column":5}},"35":{"start":{"line":105,"column":8},"end":{"line":105,"column":41}},"36":{"start":{"line":107,"column":8},"end":{"line":107,"column":41}},"37":{"start":{"line":109,"column":8},"end":{"line":109,"column":41}},"38":{"start":{"line":111,"column":8},"end":{"line":111,"column":31}},"39":{"start":{"line":116,"column":0},"end":{"line":116,"column":25}}},"fnMap":{"0":{"name":"(anonymous_0)","decl":{"start":{"line":4,"column":22},"end":{"line":4,"column":23}},"loc":{"start":{"line":4,"column":32},"end":{"line":18,"column":3}},"line":4},"1":{"name":"(anonymous_1)","decl":{"start":{"line":21,"column":22},"end":{"line":21,"column":23}},"loc":{"start":{"line":21,"column":32},"end":{"line":36,"column":3}},"line":21},"2":{"name":"(anonymous_2)","decl":{"start":{"line":39,"column":12},"end":{"line":39,"column":13}},"loc":{"start":{"line":39,"column":36},"end":{"line":54,"column":3}},"line":39},"3":{"name":"(anonymous_3)","decl":{"start":{"line":57,"column":24},"end":{"line":57,"column":25}},"loc":{"start":{"line":57,"column":41},"end":{"line":64,"column":3}},"line":57},"4":{"name":"(anonymous_4)","decl":{"start":{"line":67,"column":24},"end":{"line":67,"column":25}},"loc":{"start":{"line":67,"column":34},"end":{"line":75,"column":3}},"line":67},"5":{"name":"(anonymous_5)","decl":{"start":{"line":78,"column":14},"end":{"line":78,"column":15}},"loc":{"start":{"line":78,"column":23},"end":{"line":81,"column":3}},"line":78},"6":{"name":"(anonymous_6)","decl":{"start":{"line":84,"column":16},"end":{"line":84,"column":17}},"loc":{"start":{"line":84,"column":27},"end":{"line":92,"column":3}},"line":84},"7":{"name":"(anonymous_7)","decl":{"start":{"line":95,"column":14},"end":{"line":95,"column":15}},"loc":{"start":{"line":95,"column":47},"end":{"line":113,"column":3}},"line":95}},"branchMap":{"0":{"loc":{"start":{"line":5,"column":4},"end":{"line":5,"column":27}},"type":"if","locations":[{"start":{"line":5,"column":4},"end":{"line":5,"column":27}},{"start":{},"end":{}}],"line":5},"1":{"loc":{"start":{"line":22,"column":4},"end":{"line":22,"column":27}},"type":"if","locations":[{"start":{"line":22,"column":4},"end":{"line":22,"column":27}},{"start":{},"end":{}}],"line":22},"2":{"loc":{"start":{"line":30,"column":17},"end":{"line":30,"column":51}},"type":"cond-expr","locations":[{"start":{"line":30,"column":30},"end":{"line":30,"column":47}},{"start":{"line":30,"column":50},"end":{"line":30,"column":51}}],"line":30},"3":{"loc":{"start":{"line":31,"column":20},"end":{"line":31,"column":60}},"type":"cond-expr","locations":[{"start":{"line":31,"column":36},"end":{"line":31,"column":56}},{"start":{"line":31,"column":59},"end":{"line":31,"column":60}}],"line":31},"4":{"loc":{"start":{"line":57,"column":25},"end":{"line":57,"column":36}},"type":"default-arg","locations":[{"start":{"line":57,"column":34},"end":{"line":57,"column":36}}],"line":57},"5":{"loc":{"start":{"line":68,"column":4},"end":{"line":68,"column":24}},"type":"if","locations":[{"start":{"line":68,"column":4},"end":{"line":68,"column":24}},{"start":{},"end":{}}],"line":68},"6":{"loc":{"start":{"line":79,"column":4},"end":{"line":79,"column":24}},"type":"if","locations":[{"start":{"line":79,"column":4},"end":{"line":79,"column":24}},{"start":{},"end":{}}],"line":79},"7":{"loc":{"start":{"line":85,"column":4},"end":{"line":85,"column":26}},"type":"if","locations":[{"start":{"line":85,"column":4},"end":{"line":85,"column":26}},{"start":{},"end":{}}],"line":85},"8":{"loc":{"start":{"line":95,"column":21},"end":{"line":95,"column":42}},"type":"default-arg","locations":[{"start":{"line":95,"column":30},"end":{"line":95,"column":42}}],"line":95},"9":{"loc":{"start":{"line":96,"column":4},"end":{"line":96,"column":25}},"type":"if","locations":[{"start":{"line":96,"column":4},"end":{"line":96,"column":25}},{"start":{},"end":{}}],"line":96},"10":{"loc":{"start":{"line":103,"column":4},"end":{"line":112,"column":5}},"type":"switch","locations":[{"start":{"line":104,"column":6},"end":{"line":105,"column":41}},{"start":{"line":106,"column":6},"end":{"line":107,"column":41}},{"start":{"line":108,"column":6},"end":{"line":109,"column":41}},{"start":{"line":110,"column":6},"end":{"line":111,"column":31}}],"line":103}},"s":{"0":1,"1":3,"2":2,"3":1,"4":4,"5":2,"6":2,"7":3,"8":3,"9":3,"10":7,"11":7,"12":7,"13":7,"14":115,"15":7,"16":6,"17":3,"18":3,"19":3,"20":3,"21":3,"22":8,"23":3,"24":5,"25":10,"26":3,"27":7,"28":8,"29":3,"30":5,"31":5,"32":5,"33":5,"34":5,"35":2,"36":1,"37":1,"38":1,"39":1},"f":{"0":3,"1":4,"2":3,"3":7,"4":6,"5":8,"6":10,"7":8},"b":{"0":[2,1],"1":[2,2],"2":[1,1],"3":[1,1],"4":[1],"5":[3,3],"6":[3,5],"7":[3,7],"8":[4],"9":[3,5],"10":[2,1,1,1]},"inputSourceMap":null,"_coverageSchema":"1a1c01bbd47fc00a2c39e90264f33305004495a9","hash":"717d421666c2b79292ef12f563c0bbffb103c5aa"}
,"C:\\Users\\USER\\OneDrive\\Desktop\\MERN\\week-6-Ass\\server\\src\\utils\\validator.js": {"path":"C:\\Users\\USER\\OneDrive\\Desktop\\MERN\\week-6-Ass\\server\\src\\utils\\validator.js","statementMap":{"0":{"start":{"line":2,"column":18},"end":{"line":51,"column":1}},"1":{"start":{"line":5,"column":4},"end":{"line":5,"column":29}},"2":{"start":{"line":5,"column":16},"end":{"line":5,"column":29}},"3":{"start":{"line":6,"column":23},"end":{"line":6,"column":51}},"4":{"start":{"line":8,"column":4},"end":{"line":8,"column":43}},"5":{"start":{"line":8,"column":30},"end":{"line":8,"column":43}},"6":{"start":{"line":9,"column":4},"end":{"line":9,"column":34}},"7":{"start":{"line":14,"column":4},"end":{"line":14,"column":42}},"8":{"start":{"line":14,"column":29},"end":{"line":14,"column":42}},"9":{"start":{"line":16,"column":25},"end":{"line":16,"column":47}},"10":{"start":{"line":17,"column":25},"end":{"line":17,"column":47}},"11":{"start":{"line":18,"column":23},"end":{"line":18,"column":42}},"12":{"start":{"line":19,"column":27},"end":{"line":19,"column":66}},"13":{"start":{"line":21,"column":4},"end":{"line":21,"column":72}},"14":{"start":{"line":26,"column":4},"end":{"line":26,"column":79}},"15":{"start":{"line":26,"column":66},"end":{"line":26,"column":79}},"16":{"start":{"line":29,"column":26},"end":{"line":29,"column":43}},"17":{"start":{"line":30,"column":4},"end":{"line":30,"column":40}},"18":{"start":{"line":35,"column":4},"end":{"line":35,"column":28}},"19":{"start":{"line":35,"column":18},"end":{"line":35,"column":28}},"20":{"start":{"line":37,"column":4},"end":{"line":43,"column":32}},"21":{"start":{"line":48,"column":26},"end":{"line":48,"column":45}},"22":{"start":{"line":49,"column":4},"end":{"line":49,"column":34}},"23":{"start":{"line":53,"column":0},"end":{"line":53,"column":27}}},"fnMap":{"0":{"name":"(anonymous_0)","decl":{"start":{"line":4,"column":16},"end":{"line":4,"column":17}},"loc":{"start":{"line":4,"column":27},"end":{"line":10,"column":3}},"line":4},"1":{"name":"(anonymous_1)","decl":{"start":{"line":13,"column":20},"end":{"line":13,"column":21}},"loc":{"start":{"line":13,"column":34},"end":{"line":22,"column":3}},"line":13},"2":{"name":"(anonymous_2)","decl":{"start":{"line":25,"column":19},"end":{"line":25,"column":20}},"loc":{"start":{"line":25,"column":33},"end":{"line":31,"column":3}},"line":25},"3":{"name":"(anonymous_3)","decl":{"start":{"line":34,"column":16},"end":{"line":34,"column":17}},"loc":{"start":{"line":34,"column":29},"end":{"line":44,"column":3}},"line":34},"4":{"name":"(anonymous_4)","decl":{"start":{"line":47,"column":19},"end":{"line":47,"column":20}},"loc":{"start":{"line":47,"column":27},"end":{"line":50,"column":3}},"line":47}},"branchMap":{"0":{"loc":{"start":{"line":5,"column":4},"end":{"line":5,"column":29}},"type":"if","locations":[{"start":{"line":5,"column":4},"end":{"line":5,"column":29}},{"start":{},"end":{}}],"line":5},"1":{"loc":{"start":{"line":8,"column":4},"end":{"line":8,"column":43}},"type":"if","locations":[{"start":{"line":8,"column":4},"end":{"line":8,"column":43}},{"start":{},"end":{}}],"line":8},"2":{"loc":{"start":{"line":14,"column":4},"end":{"line":14,"column":42}},"type":"if","locations":[{"start":{"line":14,"column":4},"end":{"line":14,"column":42}},{"start":{},"end":{}}],"line":14},"3":{"loc":{"start":{"line":21,"column":11},"end":{"line":21,"column":71}},"type":"binary-expr","locations":[{"start":{"line":21,"column":11},"end":{"line":21,"column":23}},{"start":{"line":21,"column":27},"end":{"line":21,"column":39}},{"start":{"line":21,"column":43},"end":{"line":21,"column":53}},{"start":{"line":21,"column":57},"end":{"line":21,"column":71}}],"line":21},"4":{"loc":{"start":{"line":26,"column":4},"end":{"line":26,"column":79}},"type":"if","locations":[{"start":{"line":26,"column":4},"end":{"line":26,"column":79}},{"start":{},"end":{}}],"line":26},"5":{"loc":{"start":{"line":26,"column":8},"end":{"line":26,"column":64}},"type":"binary-expr","locations":[{"start":{"line":26,"column":8},"end":{"line":26,"column":17}},{"start":{"line":26,"column":21},"end":{"line":26,"column":40}},{"start":{"line":26,"column":44},"end":{"line":26,"column":64}}],"line":26},"6":{"loc":{"start":{"line":35,"column":4},"end":{"line":35,"column":28}},"type":"if","locations":[{"start":{"line":35,"column":4},"end":{"line":35,"column":28}},{"start":{},"end":{}}],"line":35}},"s":{"0":1,"1":11,"2":3,"3":8,"4":8,"5":1,"6":7,"7":9,"8":2,"9":7,"10":7,"11":7,"12":7,"13":7,"14":13,"15":5,"16":8,"17":8,"18":9,"19":3,"20":6,"21":10,"22":10,"23":1},"f":{"0":11,"1":9,"2":13,"3":9,"4":10},"b":{"0":[3,8],"1":[1,7],"2":[2,7],"3":[7,6,5,4],"4":[5,8],"5":[13,10,9],"6":[3,6]},"inputSourceMap":null,"_coverageSchema":"1a1c01bbd47fc00a2c39e90264f33305004495a9","hash":"8083754c024e77e40aeff5facb96d053c826dc49"}
}
