TN:
SF:src\server.js
FN:31,(anonymous_0)
FN:44,(anonymous_1)
FN:55,(anonymous_2)
FNF:3
FNH:0
FNDA:0,(anonymous_0)
FNDA:0,(anonymous_1)
FNDA:0,(anonymous_2)
DA:1,0
DA:2,0
DA:3,0
DA:4,0
DA:5,0
DA:7,0
DA:8,0
DA:9,0
DA:10,0
DA:11,0
DA:13,0
DA:16,0
DA:19,0
DA:20,0
DA:21,0
DA:22,0
DA:23,0
DA:26,0
DA:27,0
DA:28,0
DA:31,0
DA:32,0
DA:41,0
DA:44,0
DA:45,0
DA:51,0
DA:54,0
DA:55,0
DA:56,0
DA:57,0
DA:61,0
LF:31
LH:0
BRDA:36,0,0,0
BRDA:36,0,1,0
BRDA:51,1,0,0
BRDA:51,1,1,0
BRDA:54,2,0,0
BRDA:54,2,1,0
BRDA:57,3,0,0
BRDA:57,3,1,0
BRF:8
BRH:0
end_of_record
TN:
SF:src\middleware\auth.js
FN:5,(anonymous_0)
FNF:1
FNH:1
FNDA:8,(anonymous_0)
DA:1,1
DA:2,1
DA:5,1
DA:6,8
DA:7,8
DA:9,8
DA:10,1
DA:16,7
DA:17,0
DA:19,0
DA:20,0
DA:26,0
DA:27,0
DA:29,7
DA:36,1
LF:15
LH:10
BRDA:9,0,0,1
BRDA:9,0,1,7
BRDA:19,1,0,0
BRDA:19,1,1,0
BRF:4
BRH:2
end_of_record
TN:
SF:src\middleware\errorHandler.js
FN:2,(anonymous_0)
FN:23,(anonymous_1)
FNF:2
FNH:2
FNDA:10,(anonymous_0)
FNDA:2,(anonymous_1)
DA:2,1
DA:3,10
DA:4,10
DA:7,10
DA:10,10
DA:11,1
DA:12,1
DA:16,10
DA:17,1
DA:18,1
DA:22,10
DA:23,2
DA:24,1
DA:28,10
DA:29,1
DA:30,1
DA:33,10
DA:34,1
DA:35,1
DA:38,10
DA:45,1
LF:21
LH:21
BRDA:10,0,0,1
BRDA:10,0,1,9
BRDA:16,1,0,1
BRDA:16,1,1,9
BRDA:22,2,0,1
BRDA:22,2,1,9
BRDA:28,3,0,1
BRDA:28,3,1,9
BRDA:33,4,0,1
BRDA:33,4,1,9
BRDA:38,5,0,10
BRDA:38,5,1,4
BRDA:40,6,0,10
BRDA:40,6,1,0
BRDA:41,7,0,10
BRDA:41,7,1,1
BRF:16
BRH:15
end_of_record
TN:
SF:src\models\Post.js
FN:64,(anonymous_0)
FN:69,(anonymous_1)
FN:76,(anonymous_2)
FNF:3
FNH:3
FNDA:3,(anonymous_0)
FNDA:3,(anonymous_1)
FNDA:1,(anonymous_2)
DA:1,3
DA:3,3
DA:60,3
DA:61,3
DA:64,3
DA:65,3
DA:69,3
DA:70,3
DA:74,3
DA:77,1
DA:78,1
DA:82,3
LF:12
LH:12
BRDA:65,0,0,3
BRDA:65,0,1,0
BRDA:70,1,0,3
BRDA:70,1,1,0
BRF:4
BRH:2
end_of_record
TN:
SF:src\models\User.js
FN:50,(anonymous_0)
FN:63,(anonymous_1)
FN:68,(anonymous_2)
FN:75,(anonymous_3)
FNF:4
FNH:3
FNDA:0,(anonymous_0)
FNDA:2,(anonymous_1)
FNDA:2,(anonymous_2)
FNDA:1,(anonymous_3)
DA:1,6
DA:2,6
DA:4,6
DA:50,6
DA:51,0
DA:53,0
DA:54,0
DA:55,0
DA:56,0
DA:58,0
DA:63,6
DA:64,2
DA:68,6
DA:69,2
DA:73,6
DA:76,1
DA:77,1
DA:78,1
DA:82,6
LF:19
LH:13
BRDA:51,0,0,0
BRDA:51,0,1,0
BRF:2
BRH:0
end_of_record
TN:
SF:src\routes\auth.js
FN:10,(anonymous_0)
FN:23,(anonymous_1)
FN:92,(anonymous_2)
FN:161,(anonymous_3)
FNF:4
FNH:4
FNDA:2,(anonymous_0)
FNDA:2,(anonymous_1)
FNDA:4,(anonymous_2)
FNDA:1,(anonymous_3)
DA:1,1
DA:2,1
DA:3,1
DA:4,1
DA:5,1
DA:7,1
DA:10,1
DA:11,2
DA:17,1
DA:24,2
DA:26,2
DA:27,2
DA:28,0
DA:35,2
DA:38,2
DA:42,2
DA:43,0
DA:50,2
DA:58,2
DA:61,2
DA:63,2
DA:79,0
DA:89,1
DA:93,4
DA:95,4
DA:96,4
DA:97,0
DA:104,4
DA:107,4
DA:108,4
DA:109,4
DA:116,0
DA:117,0
DA:124,0
DA:125,0
DA:126,0
DA:133,0
DA:135,0
DA:151,0
DA:161,1
DA:162,1
DA:163,1
DA:179,0
DA:186,1
LF:44
LH:31
BRDA:27,0,0,0
BRDA:27,0,1,2
BRDA:42,1,0,0
BRDA:42,1,1,2
BRDA:96,2,0,0
BRDA:96,2,1,4
BRDA:108,3,0,4
BRDA:108,3,1,0
BRDA:116,4,0,0
BRDA:116,4,1,0
BRDA:125,5,0,0
BRDA:125,5,1,0
BRF:12
BRH:4
end_of_record
TN:
SF:src\routes\posts.js
FN:16,(anonymous_0)
FN:56,(anonymous_1)
FN:102,(anonymous_2)
FN:134,(anonymous_3)
FN:191,(anonymous_4)
FN:227,(anonymous_5)
FN:239,(anonymous_6)
FN:245,(anonymous_7)
FN:280,(anonymous_8)
FNF:9
FNH:7
FNDA:1,(anonymous_0)
FNDA:2,(anonymous_1)
FNDA:2,(anonymous_2)
FNDA:2,(anonymous_3)
FNDA:2,(anonymous_4)
FNDA:2,(anonymous_5)
FNDA:0,(anonymous_6)
FNDA:0,(anonymous_7)
FNDA:2,(anonymous_8)
DA:1,1
DA:2,1
DA:3,1
DA:4,1
DA:6,1
DA:11,1
DA:17,1
DA:19,1
DA:20,1
DA:21,0
DA:28,1
DA:30,1
DA:37,1
DA:38,1
DA:40,1
DA:46,0
DA:56,1
DA:57,2
DA:58,2
DA:59,2
DA:60,2
DA:61,2
DA:63,2
DA:66,2
DA:67,0
DA:70,2
DA:77,0
DA:79,0
DA:92,2
DA:102,1
DA:103,2
DA:104,2
DA:108,0
DA:109,0
DA:115,0
DA:120,2
DA:130,1
DA:135,2
DA:136,2
DA:137,2
DA:138,0
DA:145,2
DA:147,2
DA:148,2
DA:155,0
DA:156,0
DA:162,0
DA:163,0
DA:165,0
DA:166,0
DA:167,0
DA:169,0
DA:175,0
DA:181,0
DA:191,1
DA:192,2
DA:193,2
DA:195,2
DA:196,2
DA:203,0
DA:204,0
DA:210,0
DA:212,0
DA:217,0
DA:227,1
DA:228,2
DA:229,2
DA:231,2
DA:232,2
DA:239,0
DA:240,0
DA:243,0
DA:245,0
DA:246,0
DA:248,0
DA:250,0
DA:257,0
DA:258,0
DA:260,0
DA:267,0
DA:277,1
DA:281,2
DA:282,2
DA:283,2
DA:284,0
DA:291,2
DA:293,2
DA:294,2
DA:300,0
DA:305,0
DA:306,0
DA:309,0
DA:311,0
DA:313,0
DA:319,0
DA:326,1
LF:96
LH:53
BRDA:20,0,0,0
BRDA:20,0,1,1
BRDA:34,1,0,1
BRDA:34,1,1,1
BRDA:58,2,0,2
BRDA:58,2,1,1
BRDA:59,3,0,2
BRDA:59,3,1,1
BRDA:66,4,0,0
BRDA:66,4,1,2
BRDA:108,5,0,0
BRDA:108,5,1,0
BRDA:137,6,0,0
BRDA:137,6,1,2
BRDA:147,7,0,2
BRDA:147,7,1,0
BRDA:155,8,0,0
BRDA:155,8,1,0
BRDA:165,9,0,0
BRDA:165,9,1,0
BRDA:166,10,0,0
BRDA:166,10,1,0
BRDA:167,11,0,0
BRDA:167,11,1,0
BRDA:195,12,0,2
BRDA:195,12,1,0
BRDA:203,13,0,0
BRDA:203,13,1,0
BRDA:231,14,0,2
BRDA:231,14,1,0
BRDA:243,15,0,0
BRDA:243,15,1,0
BRDA:283,16,0,0
BRDA:283,16,1,2
BRDA:293,17,0,2
BRDA:293,17,1,0
BRF:36
BRH:14
end_of_record
TN:
SF:src\routes\users.js
FN:11,(anonymous_0)
FN:35,(anonymous_1)
FN:96,(anonymous_2)
FN:133,(anonymous_3)
FNF:4
FNH:1
FNDA:0,(anonymous_0)
FNDA:0,(anonymous_1)
FNDA:3,(anonymous_2)
FNDA:0,(anonymous_3)
DA:1,1
DA:2,1
DA:3,1
DA:4,1
DA:6,1
DA:11,1
DA:12,0
DA:13,0
DA:15,0
DA:20,0
DA:30,1
DA:36,0
DA:38,0
DA:39,0
DA:40,0
DA:47,0
DA:48,0
DA:51,0
DA:52,0
DA:53,0
DA:54,0
DA:57,0
DA:58,0
DA:59,0
DA:60,0
DA:67,0
DA:73,0
DA:79,0
DA:80,0
DA:86,0
DA:96,1
DA:97,3
DA:98,3
DA:99,3
DA:100,3
DA:102,3
DA:108,0
DA:110,0
DA:123,3
DA:133,1
DA:134,0
DA:135,0
DA:137,0
DA:142,0
DA:149,1
LF:45
LH:16
BRDA:39,0,0,0
BRDA:39,0,1,0
BRDA:51,1,0,0
BRDA:51,1,1,0
BRDA:52,2,0,0
BRDA:52,2,1,0
BRDA:53,3,0,0
BRDA:53,3,1,0
BRDA:54,4,0,0
BRDA:54,4,1,0
BRDA:57,5,0,0
BRDA:57,5,1,0
BRDA:57,6,0,0
BRDA:57,6,1,0
BRDA:59,7,0,0
BRDA:59,7,1,0
BRDA:79,8,0,0
BRDA:79,8,1,0
BRDA:98,9,0,3
BRDA:98,9,1,2
BRDA:99,10,0,3
BRDA:99,10,1,2
BRF:22
BRH:4
end_of_record
TN:
SF:src\utils\helpers.js
FN:4,(anonymous_0)
FN:21,(anonymous_1)
FN:39,(anonymous_2)
FN:57,(anonymous_3)
FN:67,(anonymous_4)
FN:78,(anonymous_5)
FN:84,(anonymous_6)
FN:95,(anonymous_7)
FNF:8
FNH:8
FNDA:3,(anonymous_0)
FNDA:4,(anonymous_1)
FNDA:3,(anonymous_2)
FNDA:7,(anonymous_3)
FNDA:6,(anonymous_4)
FNDA:8,(anonymous_5)
FNDA:10,(anonymous_6)
FNDA:8,(anonymous_7)
DA:2,1
DA:5,3
DA:7,1
DA:22,4
DA:24,2
DA:40,3
DA:41,3
DA:43,3
DA:58,7
DA:59,7
DA:60,7
DA:61,115
DA:63,7
DA:68,6
DA:70,3
DA:71,3
DA:72,3
DA:74,3
DA:79,8
DA:80,5
DA:85,10
DA:87,7
DA:96,8
DA:98,5
DA:99,5
DA:100,5
DA:101,5
DA:103,5
DA:105,2
DA:107,1
DA:109,1
DA:111,1
DA:116,1
LF:33
LH:33
BRDA:5,0,0,2
BRDA:5,0,1,1
BRDA:22,1,0,2
BRDA:22,1,1,2
BRDA:30,2,0,1
BRDA:30,2,1,1
BRDA:31,3,0,1
BRDA:31,3,1,1
BRDA:57,4,0,1
BRDA:68,5,0,3
BRDA:68,5,1,3
BRDA:79,6,0,3
BRDA:79,6,1,5
BRDA:85,7,0,3
BRDA:85,7,1,7
BRDA:95,8,0,4
BRDA:96,9,0,3
BRDA:96,9,1,5
BRDA:103,10,0,2
BRDA:103,10,1,1
BRDA:103,10,2,1
BRDA:103,10,3,1
BRF:22
BRH:22
end_of_record
TN:
SF:src\utils\validator.js
FN:4,(anonymous_0)
FN:13,(anonymous_1)
FN:25,(anonymous_2)
FN:34,(anonymous_3)
FN:47,(anonymous_4)
FNF:5
FNH:5
FNDA:11,(anonymous_0)
FNDA:9,(anonymous_1)
FNDA:13,(anonymous_2)
FNDA:9,(anonymous_3)
FNDA:10,(anonymous_4)
DA:2,1
DA:5,11
DA:6,8
DA:8,8
DA:9,7
DA:14,9
DA:16,7
DA:17,7
DA:18,7
DA:19,7
DA:21,7
DA:26,13
DA:29,8
DA:30,8
DA:35,9
DA:37,6
DA:48,10
DA:49,10
DA:53,1
LF:19
LH:19
BRDA:5,0,0,3
BRDA:5,0,1,8
BRDA:8,1,0,1
BRDA:8,1,1,7
BRDA:14,2,0,2
BRDA:14,2,1,7
BRDA:21,3,0,7
BRDA:21,3,1,6
BRDA:21,3,2,5
BRDA:21,3,3,4
BRDA:26,4,0,5
BRDA:26,4,1,8
BRDA:26,5,0,13
BRDA:26,5,1,10
BRDA:26,5,2,9
BRDA:35,6,0,3
BRDA:35,6,1,6
BRF:17
BRH:17
end_of_record
